<?xml version="1.0" encoding="UTF-8"?>
<!-- Generated by org.testng.reporters.JUnitReportReporter -->
<testsuite hostname="Muna-Jebril" failures="0" tests="10" name="lesson7.Magento" time="36.018" errors="0" timestamp="2024-08-05T16:08:37 EET" skipped="0">
  <testcase classname="lesson7.Magento" name="AddRandomItem" time="2.378"/>
  <system-out/>
  <testcase classname="lesson7.Magento" name="AddRandomItem" time="3.371"/>
  <system-out/>
  <testcase classname="lesson7.Magento" name="AddRandomItem" time="3.118"/>
  <system-out/>
  <testcase classname="lesson7.Magento" name="AddRandomItem" time="4.972"/>
  <system-out/>
  <testcase classname="lesson7.Magento" name="AddRandomItem" time="3.567"/>
  <system-out/>
  <testcase classname="lesson7.Magento" name="AddRandomItem" time="5.903"/>
  <system-out/>
  <testcase classname="lesson7.Magento" name="AddRandomItem" time="3.228"/>
  <system-out/>
  <testcase classname="lesson7.Magento" name="AddRandomItem" time="3.152"/>
  <system-out/>
  <testcase classname="lesson7.Magento" name="AddRandomItem" time="3.072"/>
  <system-out/>
  <testcase classname="lesson7.Magento" name="AddRandomItem" time="3.257"/>
  <system-out/>
</testsuite> <!-- lesson7.Magento -->
